2016-03-03 19:30:52,280 [Worker-14] INFO  o.e.m.c.i.l.LifecycleMappingFactory - Using org.eclipse.m2e.jdt.JarLifecycleMapping lifecycle mapping for MavenProject: MavenLab03:Zad01:0.0.1-SNAPSHOT @ C:\Users\Patryk\Desktop\TestyJava\Java-testy\Projekt\Zad01\pom.xml.
2016-03-03 19:30:52,280 [Worker-15] INFO  o.e.m.c.i.l.LifecycleMappingFactory - Using org.eclipse.m2e.jdt.JarLifecycleMapping lifecycle mapping for MavenProject: MavenLab03:Zad01:0.0.1-SNAPSHOT @ C:\Users\Patryk\Desktop\TestyJava\Java-testy\Projekt\Zad01\pom.xml.
2016-03-03 19:30:54,105 [Worker-14] INFO  o.e.m.c.i.embedder.EclipseLogger - Using 'UTF-8' encoding to copy filtered resources.
2016-03-03 19:30:54,106 [Worker-14] INFO  o.e.m.c.i.embedder.EclipseLogger - skip non existing resourceDirectory C:\Users\Patryk\Desktop\TestyJava\Java-testy\Projekt\Zad01\src\main\resources
2016-03-03 19:30:54,109 [Worker-14] INFO  o.e.m.c.i.embedder.EclipseLogger - Using 'UTF-8' encoding to copy filtered resources.
2016-03-03 19:30:54,109 [Worker-14] INFO  o.e.m.c.i.embedder.EclipseLogger - skip non existing resourceDirectory C:\Users\Patryk\Desktop\TestyJava\Java-testy\Projekt\Zad01\src\test\resources
2016-03-03 19:30:57,064 [Worker-8] INFO  o.e.m.c.i.l.LifecycleMappingFactory - Using org.eclipse.m2e.jdt.JarLifecycleMapping lifecycle mapping for MavenProject: MavenLab03:Zad01:0.0.1-SNAPSHOT @ C:\Users\Patryk\Desktop\TestyJava\Java-testy\Projekt\Zad01\pom.xml.
2016-03-03 19:30:57,625 [Worker-12] INFO  o.e.m.c.i.embedder.EclipseLogger - Using 'UTF-8' encoding to copy filtered resources.
2016-03-03 19:30:57,625 [Worker-12] INFO  o.e.m.c.i.embedder.EclipseLogger - skip non existing resourceDirectory C:\Users\Patryk\Desktop\TestyJava\Java-testy\Projekt\Zad01\src\main\resources
2016-03-03 19:30:57,628 [Worker-12] INFO  o.e.m.c.i.embedder.EclipseLogger - Using 'UTF-8' encoding to copy filtered resources.
2016-03-03 19:30:57,629 [Worker-12] INFO  o.e.m.c.i.embedder.EclipseLogger - skip non existing resourceDirectory C:\Users\Patryk\Desktop\TestyJava\Java-testy\Projekt\Zad01\src\test\resources
2016-03-03 19:30:58,715 [Worker-19] INFO  o.e.m.c.i.embedder.EclipseLogger - Using 'UTF-8' encoding to copy filtered resources.
2016-03-03 19:30:58,716 [Worker-19] INFO  o.e.m.c.i.embedder.EclipseLogger - skip non existing resourceDirectory C:\Users\Patryk\Desktop\TestyJava\Java-testy\Projekt\Zad01\src\main\resources
2016-03-03 19:30:58,718 [Worker-19] INFO  o.e.m.c.i.embedder.EclipseLogger - Using 'UTF-8' encoding to copy filtered resources.
2016-03-03 19:30:58,719 [Worker-19] INFO  o.e.m.c.i.embedder.EclipseLogger - skip non existing resourceDirectory C:\Users\Patryk\Desktop\TestyJava\Java-testy\Projekt\Zad01\src\test\resources
2016-03-03 19:33:24,073 [Worker-10] INFO  o.e.m.c.i.p.ProjectConfigurationManager - Collecting project info '/pom.xml' C:\Users\Patryk\Desktop\TestyJava\Java-testy\Projekt\Zad02\pom.xml
2016-03-03 19:33:25,680 [Worker-10] INFO  o.e.m.c.i.l.LifecycleMappingFactory - Using org.eclipse.m2e.jdt.JarLifecycleMapping lifecycle mapping for MavenProject: MavenLab03:Zad02:0.0.1-SNAPSHOT @ C:\Users\Patryk\Desktop\TestyJava\Java-testy\Projekt\Zad02\pom.xml.
2016-03-03 19:33:26,289 [Worker-10] INFO  o.e.m.j.i.AbstractJavaProjectConfigurator - Adding source folder /Zad02/src/main/java
2016-03-03 19:33:26,295 [Worker-10] INFO  o.e.m.j.i.AbstractJavaProjectConfigurator - Adding source folder /Zad02/src/test/java
2016-03-03 19:33:26,423 [Worker-10] INFO  o.e.m.c.i.p.ProjectConfigurationManager - Imported and configured 1 project(s) in 2 sec
2016-03-03 19:33:27,422 [Worker-12] INFO  o.e.m.c.i.embedder.EclipseLogger - Using 'UTF-8' encoding to copy filtered resources.
2016-03-03 19:33:27,428 [Worker-12] INFO  o.e.m.c.i.embedder.EclipseLogger - skip non existing resourceDirectory C:\Users\Patryk\Desktop\TestyJava\Java-testy\Projekt\Zad02\src\main\resources
2016-03-03 19:33:27,432 [Worker-12] INFO  o.e.m.c.i.embedder.EclipseLogger - Using 'UTF-8' encoding to copy filtered resources.
2016-03-03 19:33:27,432 [Worker-12] INFO  o.e.m.c.i.embedder.EclipseLogger - skip non existing resourceDirectory C:\Users\Patryk\Desktop\TestyJava\Java-testy\Projekt\Zad02\src\test\resources
2016-03-03 19:33:47,793 [Worker-13] INFO  o.e.m.c.i.l.LifecycleMappingFactory - Using org.eclipse.m2e.jdt.JarLifecycleMapping lifecycle mapping for MavenProject: MavenLab03:Zad02:0.0.1-SNAPSHOT @ C:\Users\Patryk\Desktop\TestyJava\Java-testy\Projekt\Zad02\pom.xml.
2016-03-03 19:33:48,212 [Worker-13] INFO  o.e.m.c.i.embedder.EclipseLogger - Using 'UTF-8' encoding to copy filtered resources.
2016-03-03 19:33:48,213 [Worker-13] INFO  o.e.m.c.i.embedder.EclipseLogger - skip non existing resourceDirectory C:\Users\Patryk\Desktop\TestyJava\Java-testy\Projekt\Zad02\src\main\resources
2016-03-03 19:33:48,215 [Worker-13] INFO  o.e.m.c.i.embedder.EclipseLogger - Using 'UTF-8' encoding to copy filtered resources.
2016-03-03 19:33:48,215 [Worker-13] INFO  o.e.m.c.i.embedder.EclipseLogger - skip non existing resourceDirectory C:\Users\Patryk\Desktop\TestyJava\Java-testy\Projekt\Zad02\src\test\resources
2016-03-03 19:33:49,387 [Worker-12] INFO  o.e.m.c.i.embedder.EclipseLogger - Using 'UTF-8' encoding to copy filtered resources.
2016-03-03 19:33:49,387 [Worker-12] INFO  o.e.m.c.i.embedder.EclipseLogger - skip non existing resourceDirectory C:\Users\Patryk\Desktop\TestyJava\Java-testy\Projekt\Zad02\src\main\resources
2016-03-03 19:33:49,390 [Worker-12] INFO  o.e.m.c.i.embedder.EclipseLogger - Using 'UTF-8' encoding to copy filtered resources.
2016-03-03 19:33:49,396 [Worker-12] INFO  o.e.m.c.i.embedder.EclipseLogger - skip non existing resourceDirectory C:\Users\Patryk\Desktop\TestyJava\Java-testy\Projekt\Zad02\src\test\resources
2016-03-03 19:42:16,301 [Worker-18] INFO  o.e.m.c.i.embedder.EclipseLogger - Using 'UTF-8' encoding to copy filtered resources.
2016-03-03 19:42:16,302 [Worker-18] INFO  o.e.m.c.i.embedder.EclipseLogger - skip non existing resourceDirectory C:\Users\Patryk\Desktop\TestyJava\Java-testy\Projekt\Zad01\src\main\resources
2016-03-03 19:42:16,304 [Worker-18] INFO  o.e.m.c.i.embedder.EclipseLogger - Using 'UTF-8' encoding to copy filtered resources.
2016-03-03 19:42:16,305 [Worker-18] INFO  o.e.m.c.i.embedder.EclipseLogger - skip non existing resourceDirectory C:\Users\Patryk\Desktop\TestyJava\Java-testy\Projekt\Zad01\src\test\resources
2016-03-03 19:44:04,726 [Worker-7] INFO  o.e.m.c.i.embedder.EclipseLogger - Using 'UTF-8' encoding to copy filtered resources.
2016-03-03 19:44:04,726 [Worker-7] INFO  o.e.m.c.i.embedder.EclipseLogger - skip non existing resourceDirectory C:\Users\Patryk\Desktop\TestyJava\Java-testy\Projekt\Zad01\src\main\resources
2016-03-03 19:44:04,727 [Worker-7] INFO  o.e.m.c.i.embedder.EclipseLogger - Using 'UTF-8' encoding to copy filtered resources.
2016-03-03 19:44:04,728 [Worker-7] INFO  o.e.m.c.i.embedder.EclipseLogger - skip non existing resourceDirectory C:\Users\Patryk\Desktop\TestyJava\Java-testy\Projekt\Zad01\src\test\resources
2016-03-03 19:45:08,942 [Worker-18] INFO  o.e.m.c.i.embedder.EclipseLogger - Using 'UTF-8' encoding to copy filtered resources.
2016-03-03 19:45:08,942 [Worker-18] INFO  o.e.m.c.i.embedder.EclipseLogger - skip non existing resourceDirectory C:\Users\Patryk\Desktop\TestyJava\Java-testy\Projekt\Zad01\src\main\resources
2016-03-03 19:45:08,944 [Worker-18] INFO  o.e.m.c.i.embedder.EclipseLogger - Using 'UTF-8' encoding to copy filtered resources.
2016-03-03 19:45:08,944 [Worker-18] INFO  o.e.m.c.i.embedder.EclipseLogger - skip non existing resourceDirectory C:\Users\Patryk\Desktop\TestyJava\Java-testy\Projekt\Zad01\src\test\resources
2016-03-03 19:45:51,612 [Worker-7] INFO  o.e.m.c.i.embedder.EclipseLogger - Using 'UTF-8' encoding to copy filtered resources.
2016-03-03 19:45:51,613 [Worker-7] INFO  o.e.m.c.i.embedder.EclipseLogger - skip non existing resourceDirectory C:\Users\Patryk\Desktop\TestyJava\Java-testy\Projekt\Zad01\src\main\resources
2016-03-03 19:45:51,614 [Worker-7] INFO  o.e.m.c.i.embedder.EclipseLogger - Using 'UTF-8' encoding to copy filtered resources.
2016-03-03 19:45:51,614 [Worker-7] INFO  o.e.m.c.i.embedder.EclipseLogger - skip non existing resourceDirectory C:\Users\Patryk\Desktop\TestyJava\Java-testy\Projekt\Zad01\src\test\resources
2016-03-03 19:48:17,793 [Worker-18] INFO  o.e.m.c.i.embedder.EclipseLogger - Using 'UTF-8' encoding to copy filtered resources.
2016-03-03 19:48:17,793 [Worker-18] INFO  o.e.m.c.i.embedder.EclipseLogger - skip non existing resourceDirectory C:\Users\Patryk\Desktop\TestyJava\Java-testy\Projekt\Zad01\src\main\resources
2016-03-03 19:48:17,796 [Worker-18] INFO  o.e.m.c.i.embedder.EclipseLogger - Using 'UTF-8' encoding to copy filtered resources.
2016-03-03 19:48:17,797 [Worker-18] INFO  o.e.m.c.i.embedder.EclipseLogger - skip non existing resourceDirectory C:\Users\Patryk\Desktop\TestyJava\Java-testy\Projekt\Zad01\src\test\resources
2016-03-03 19:50:30,856 [Worker-22] INFO  o.e.m.c.i.embedder.EclipseLogger - Using 'UTF-8' encoding to copy filtered resources.
2016-03-03 19:50:30,857 [Worker-22] INFO  o.e.m.c.i.embedder.EclipseLogger - skip non existing resourceDirectory C:\Users\Patryk\Desktop\TestyJava\Java-testy\Projekt\Zad01\src\main\resources
2016-03-03 19:50:30,861 [Worker-22] INFO  o.e.m.c.i.embedder.EclipseLogger - Using 'UTF-8' encoding to copy filtered resources.
2016-03-03 19:50:30,861 [Worker-22] INFO  o.e.m.c.i.embedder.EclipseLogger - skip non existing resourceDirectory C:\Users\Patryk\Desktop\TestyJava\Java-testy\Projekt\Zad01\src\test\resources
2016-03-03 19:52:50,552 [Worker-22] INFO  o.e.m.c.i.embedder.EclipseLogger - Using 'UTF-8' encoding to copy filtered resources.
2016-03-03 19:52:50,552 [Worker-22] INFO  o.e.m.c.i.embedder.EclipseLogger - skip non existing resourceDirectory C:\Users\Patryk\Desktop\TestyJava\Java-testy\Projekt\Zad01\src\main\resources
2016-03-03 19:52:50,554 [Worker-22] INFO  o.e.m.c.i.embedder.EclipseLogger - Using 'UTF-8' encoding to copy filtered resources.
2016-03-03 19:52:50,554 [Worker-22] INFO  o.e.m.c.i.embedder.EclipseLogger - skip non existing resourceDirectory C:\Users\Patryk\Desktop\TestyJava\Java-testy\Projekt\Zad01\src\test\resources
2016-03-03 19:54:50,016 [Worker-22] INFO  o.e.m.c.i.embedder.EclipseLogger - Using 'UTF-8' encoding to copy filtered resources.
2016-03-03 19:54:50,016 [Worker-22] INFO  o.e.m.c.i.embedder.EclipseLogger - skip non existing resourceDirectory C:\Users\Patryk\Desktop\TestyJava\Java-testy\Projekt\Zad01\src\main\resources
2016-03-03 19:54:50,016 [Worker-22] INFO  o.e.m.c.i.embedder.EclipseLogger - Using 'UTF-8' encoding to copy filtered resources.
2016-03-03 19:54:50,016 [Worker-22] INFO  o.e.m.c.i.embedder.EclipseLogger - skip non existing resourceDirectory C:\Users\Patryk\Desktop\TestyJava\Java-testy\Projekt\Zad01\src\test\resources
2016-03-03 20:05:06,881 [Worker-28] INFO  o.e.m.c.i.embedder.EclipseLogger - Using 'UTF-8' encoding to copy filtered resources.
2016-03-03 20:05:06,882 [Worker-28] INFO  o.e.m.c.i.embedder.EclipseLogger - skip non existing resourceDirectory C:\Users\Patryk\Desktop\TestyJava\Java-testy\Projekt\Zad01\src\main\resources
2016-03-03 20:05:06,884 [Worker-28] INFO  o.e.m.c.i.embedder.EclipseLogger - Using 'UTF-8' encoding to copy filtered resources.
2016-03-03 20:05:06,885 [Worker-28] INFO  o.e.m.c.i.embedder.EclipseLogger - skip non existing resourceDirectory C:\Users\Patryk\Desktop\TestyJava\Java-testy\Projekt\Zad01\src\test\resources
2016-03-03 20:07:49,095 [Worker-24] INFO  o.e.m.c.i.embedder.EclipseLogger - Using 'UTF-8' encoding to copy filtered resources.
2016-03-03 20:07:49,095 [Worker-24] INFO  o.e.m.c.i.embedder.EclipseLogger - skip non existing resourceDirectory C:\Users\Patryk\Desktop\TestyJava\Java-testy\Projekt\Zad01\src\main\resources
2016-03-03 20:07:49,095 [Worker-24] INFO  o.e.m.c.i.embedder.EclipseLogger - Using 'UTF-8' encoding to copy filtered resources.
2016-03-03 20:07:49,095 [Worker-24] INFO  o.e.m.c.i.embedder.EclipseLogger - skip non existing resourceDirectory C:\Users\Patryk\Desktop\TestyJava\Java-testy\Projekt\Zad01\src\test\resources
2016-03-03 20:10:36,316 [Worker-29] INFO  o.e.m.c.i.embedder.EclipseLogger - Using 'UTF-8' encoding to copy filtered resources.
2016-03-03 20:10:36,317 [Worker-29] INFO  o.e.m.c.i.embedder.EclipseLogger - skip non existing resourceDirectory C:\Users\Patryk\Desktop\TestyJava\Java-testy\Projekt\Zad01\src\main\resources
2016-03-03 20:10:36,318 [Worker-29] INFO  o.e.m.c.i.embedder.EclipseLogger - Using 'UTF-8' encoding to copy filtered resources.
2016-03-03 20:10:36,319 [Worker-29] INFO  o.e.m.c.i.embedder.EclipseLogger - skip non existing resourceDirectory C:\Users\Patryk\Desktop\TestyJava\Java-testy\Projekt\Zad01\src\test\resources
2016-03-03 20:16:37,822 [Worker-34] INFO  o.e.m.c.i.l.LifecycleMappingFactory - Using org.eclipse.m2e.jdt.JarLifecycleMapping lifecycle mapping for MavenProject: MavenLab03:Zad01:0.0.1-SNAPSHOT @ C:\Users\Patryk\Desktop\TestyJava\Java-testy\Projekt\Zad01\pom.xml.
2016-03-03 20:16:39,039 [Worker-34] INFO  o.e.m.c.i.e.AbstractTransferListenerAdapter - Downloading https://repo.maven.apache.org/maven2/org/hamcrest/hamcrest-all/1.3/hamcrest-all-1.3.pom
2016-03-03 20:16:39,117 [Worker-34] INFO  o.e.m.c.i.e.AbstractTransferListenerAdapter - Downloaded https://repo.maven.apache.org/maven2/org/hamcrest/hamcrest-all/1.3/hamcrest-all-1.3.pom
2016-03-03 20:16:39,211 [Worker-34] INFO  o.e.m.c.i.e.AbstractTransferListenerAdapter - Downloading https://repo.maven.apache.org/maven2/org/hamcrest/hamcrest-all/1.3/hamcrest-all-1.3.jar
2016-03-03 20:16:39,429 [Worker-34] INFO  o.e.m.c.i.e.AbstractTransferListenerAdapter - Downloaded https://repo.maven.apache.org/maven2/org/hamcrest/hamcrest-all/1.3/hamcrest-all-1.3.jar
2016-03-03 20:16:39,884 [Worker-34] INFO  o.e.m.c.i.embedder.EclipseLogger - Using 'UTF-8' encoding to copy filtered resources.
2016-03-03 20:16:39,884 [Worker-34] INFO  o.e.m.c.i.embedder.EclipseLogger - skip non existing resourceDirectory C:\Users\Patryk\Desktop\TestyJava\Java-testy\Projekt\Zad01\src\main\resources
2016-03-03 20:16:39,884 [Worker-34] INFO  o.e.m.c.i.embedder.EclipseLogger - Using 'UTF-8' encoding to copy filtered resources.
2016-03-03 20:16:39,884 [Worker-34] INFO  o.e.m.c.i.embedder.EclipseLogger - skip non existing resourceDirectory C:\Users\Patryk\Desktop\TestyJava\Java-testy\Projekt\Zad01\src\test\resources
2016-03-03 20:16:41,256 [Worker-35] INFO  o.e.m.c.i.embedder.EclipseLogger - Using 'UTF-8' encoding to copy filtered resources.
2016-03-03 20:16:41,256 [Worker-35] INFO  o.e.m.c.i.embedder.EclipseLogger - skip non existing resourceDirectory C:\Users\Patryk\Desktop\TestyJava\Java-testy\Projekt\Zad01\src\main\resources
2016-03-03 20:16:41,256 [Worker-35] INFO  o.e.m.c.i.embedder.EclipseLogger - Using 'UTF-8' encoding to copy filtered resources.
2016-03-03 20:16:41,256 [Worker-35] INFO  o.e.m.c.i.embedder.EclipseLogger - skip non existing resourceDirectory C:\Users\Patryk\Desktop\TestyJava\Java-testy\Projekt\Zad01\src\test\resources
2016-03-03 20:16:52,015 [Worker-24] INFO  o.e.m.c.i.embedder.EclipseLogger - Using 'UTF-8' encoding to copy filtered resources.
2016-03-03 20:16:52,015 [Worker-24] INFO  o.e.m.c.i.embedder.EclipseLogger - skip non existing resourceDirectory C:\Users\Patryk\Desktop\TestyJava\Java-testy\Projekt\Zad01\src\main\resources
2016-03-03 20:16:52,015 [Worker-24] INFO  o.e.m.c.i.embedder.EclipseLogger - Using 'UTF-8' encoding to copy filtered resources.
2016-03-03 20:16:52,015 [Worker-24] INFO  o.e.m.c.i.embedder.EclipseLogger - skip non existing resourceDirectory C:\Users\Patryk\Desktop\TestyJava\Java-testy\Projekt\Zad01\src\test\resources
2016-03-03 20:18:18,470 [Worker-33] INFO  o.e.m.c.i.embedder.EclipseLogger - Using 'UTF-8' encoding to copy filtered resources.
2016-03-03 20:18:18,470 [Worker-33] INFO  o.e.m.c.i.embedder.EclipseLogger - skip non existing resourceDirectory C:\Users\Patryk\Desktop\TestyJava\Java-testy\Projekt\Zad01\src\main\resources
2016-03-03 20:18:18,470 [Worker-33] INFO  o.e.m.c.i.embedder.EclipseLogger - Using 'UTF-8' encoding to copy filtered resources.
2016-03-03 20:18:18,470 [Worker-33] INFO  o.e.m.c.i.embedder.EclipseLogger - skip non existing resourceDirectory C:\Users\Patryk\Desktop\TestyJava\Java-testy\Projekt\Zad01\src\test\resources
2016-03-03 20:21:22,155 [Worker-34] INFO  o.e.m.c.i.embedder.EclipseLogger - Using 'UTF-8' encoding to copy filtered resources.
2016-03-03 20:21:22,155 [Worker-34] INFO  o.e.m.c.i.embedder.EclipseLogger - skip non existing resourceDirectory C:\Users\Patryk\Desktop\TestyJava\Java-testy\Projekt\Zad01\src\main\resources
2016-03-03 20:21:22,155 [Worker-34] INFO  o.e.m.c.i.embedder.EclipseLogger - Using 'UTF-8' encoding to copy filtered resources.
2016-03-03 20:21:22,155 [Worker-34] INFO  o.e.m.c.i.embedder.EclipseLogger - skip non existing resourceDirectory C:\Users\Patryk\Desktop\TestyJava\Java-testy\Projekt\Zad01\src\test\resources
2016-03-03 20:26:01,342 [Worker-31] INFO  o.e.m.c.i.embedder.EclipseLogger - Using 'UTF-8' encoding to copy filtered resources.
2016-03-03 20:26:01,342 [Worker-31] INFO  o.e.m.c.i.embedder.EclipseLogger - skip non existing resourceDirectory C:\Users\Patryk\Desktop\TestyJava\Java-testy\Projekt\Zad01\src\main\resources
2016-03-03 20:26:01,342 [Worker-31] INFO  o.e.m.c.i.embedder.EclipseLogger - Using 'UTF-8' encoding to copy filtered resources.
2016-03-03 20:26:01,342 [Worker-31] INFO  o.e.m.c.i.embedder.EclipseLogger - skip non existing resourceDirectory C:\Users\Patryk\Desktop\TestyJava\Java-testy\Projekt\Zad01\src\test\resources
2016-03-03 20:26:31,868 [Worker-36] INFO  o.e.m.c.i.embedder.EclipseLogger - Using 'UTF-8' encoding to copy filtered resources.
2016-03-03 20:26:31,884 [Worker-36] INFO  o.e.m.c.i.embedder.EclipseLogger - skip non existing resourceDirectory C:\Users\Patryk\Desktop\TestyJava\Java-testy\Projekt\Zad01\src\main\resources
2016-03-03 20:26:31,884 [Worker-36] INFO  o.e.m.c.i.embedder.EclipseLogger - Using 'UTF-8' encoding to copy filtered resources.
2016-03-03 20:26:31,884 [Worker-36] INFO  o.e.m.c.i.embedder.EclipseLogger - skip non existing resourceDirectory C:\Users\Patryk\Desktop\TestyJava\Java-testy\Projekt\Zad01\src\test\resources
2016-03-03 20:30:38,353 [Worker-36] INFO  o.e.m.c.i.embedder.EclipseLogger - Using 'UTF-8' encoding to copy filtered resources.
2016-03-03 20:30:38,353 [Worker-36] INFO  o.e.m.c.i.embedder.EclipseLogger - skip non existing resourceDirectory C:\Users\Patryk\Desktop\TestyJava\Java-testy\Projekt\Zad01\src\main\resources
2016-03-03 20:30:38,353 [Worker-36] INFO  o.e.m.c.i.embedder.EclipseLogger - Using 'UTF-8' encoding to copy filtered resources.
2016-03-03 20:30:38,353 [Worker-36] INFO  o.e.m.c.i.embedder.EclipseLogger - skip non existing resourceDirectory C:\Users\Patryk\Desktop\TestyJava\Java-testy\Projekt\Zad01\src\test\resources
2016-03-03 20:31:33,730 [Worker-41] INFO  o.e.m.c.i.embedder.EclipseLogger - Using 'UTF-8' encoding to copy filtered resources.
2016-03-03 20:31:33,730 [Worker-41] INFO  o.e.m.c.i.embedder.EclipseLogger - skip non existing resourceDirectory C:\Users\Patryk\Desktop\TestyJava\Java-testy\Projekt\Zad01\src\main\resources
2016-03-03 20:31:33,730 [Worker-41] INFO  o.e.m.c.i.embedder.EclipseLogger - Using 'UTF-8' encoding to copy filtered resources.
2016-03-03 20:31:33,730 [Worker-41] INFO  o.e.m.c.i.embedder.EclipseLogger - skip non existing resourceDirectory C:\Users\Patryk\Desktop\TestyJava\Java-testy\Projekt\Zad01\src\test\resources
2016-03-03 20:31:39,393 [Worker-41] INFO  o.e.m.c.i.embedder.EclipseLogger - Using 'UTF-8' encoding to copy filtered resources.
2016-03-03 20:31:39,393 [Worker-41] INFO  o.e.m.c.i.embedder.EclipseLogger - skip non existing resourceDirectory C:\Users\Patryk\Desktop\TestyJava\Java-testy\Projekt\Zad01\src\main\resources
2016-03-03 20:31:39,393 [Worker-41] INFO  o.e.m.c.i.embedder.EclipseLogger - Using 'UTF-8' encoding to copy filtered resources.
2016-03-03 20:31:39,393 [Worker-41] INFO  o.e.m.c.i.embedder.EclipseLogger - skip non existing resourceDirectory C:\Users\Patryk\Desktop\TestyJava\Java-testy\Projekt\Zad01\src\test\resources
2016-03-03 20:32:11,896 [Worker-42] INFO  o.e.m.c.i.e.AbstractTransferListenerAdapter - Downloading https://repo.maven.apache.org/maven2/org/hamcrest/hamcrest-core/1.3/hamcrest-core-1.3-sources.jar
2016-03-03 20:32:11,959 [Worker-42] INFO  o.e.m.c.i.e.AbstractTransferListenerAdapter - Downloaded https://repo.maven.apache.org/maven2/org/hamcrest/hamcrest-core/1.3/hamcrest-core-1.3-sources.jar
2016-03-03 20:32:12,083 [Worker-42] INFO  o.e.m.j.internal.DownloadSourcesJob - Downloaded sources for org.hamcrest:hamcrest-core:1.3
2016-03-03 20:32:12,239 [Worker-40] INFO  o.e.m.c.i.embedder.EclipseLogger - Using 'UTF-8' encoding to copy filtered resources.
2016-03-03 20:32:12,239 [Worker-40] INFO  o.e.m.c.i.embedder.EclipseLogger - skip non existing resourceDirectory C:\Users\Patryk\Desktop\TestyJava\Java-testy\Projekt\Zad01\src\main\resources
2016-03-03 20:32:12,239 [Worker-40] INFO  o.e.m.c.i.embedder.EclipseLogger - Using 'UTF-8' encoding to copy filtered resources.
2016-03-03 20:32:12,239 [Worker-40] INFO  o.e.m.c.i.embedder.EclipseLogger - skip non existing resourceDirectory C:\Users\Patryk\Desktop\TestyJava\Java-testy\Projekt\Zad01\src\test\resources
2016-03-03 20:34:23,324 [Worker-38] INFO  o.e.m.c.i.embedder.EclipseLogger - Using 'UTF-8' encoding to copy filtered resources.
2016-03-03 20:34:23,324 [Worker-38] INFO  o.e.m.c.i.embedder.EclipseLogger - skip non existing resourceDirectory C:\Users\Patryk\Desktop\TestyJava\Java-testy\Projekt\Zad01\src\main\resources
2016-03-03 20:34:23,339 [Worker-38] INFO  o.e.m.c.i.embedder.EclipseLogger - Using 'UTF-8' encoding to copy filtered resources.
2016-03-03 20:34:23,339 [Worker-38] INFO  o.e.m.c.i.embedder.EclipseLogger - skip non existing resourceDirectory C:\Users\Patryk\Desktop\TestyJava\Java-testy\Projekt\Zad01\src\test\resources
2016-03-03 20:34:35,970 [Worker-36] INFO  o.e.m.c.i.embedder.EclipseLogger - Using 'UTF-8' encoding to copy filtered resources.
2016-03-03 20:34:35,970 [Worker-36] INFO  o.e.m.c.i.embedder.EclipseLogger - skip non existing resourceDirectory C:\Users\Patryk\Desktop\TestyJava\Java-testy\Projekt\Zad01\src\main\resources
2016-03-03 20:34:35,970 [Worker-36] INFO  o.e.m.c.i.embedder.EclipseLogger - Using 'UTF-8' encoding to copy filtered resources.
2016-03-03 20:34:35,970 [Worker-36] INFO  o.e.m.c.i.embedder.EclipseLogger - skip non existing resourceDirectory C:\Users\Patryk\Desktop\TestyJava\Java-testy\Projekt\Zad01\src\test\resources
2016-03-03 20:34:38,132 [main] INFO  c.g.t.t.d.PublishedGradleVersions - Gradle version information cache file is out-of-date. Remote download required.
2016-03-03 20:38:07,688 [Worker-38] INFO  o.e.m.c.i.embedder.EclipseLogger - Using 'UTF-8' encoding to copy filtered resources.
2016-03-03 20:38:07,688 [Worker-38] INFO  o.e.m.c.i.embedder.EclipseLogger - skip non existing resourceDirectory C:\Users\Patryk\Desktop\TestyJava\Java-testy\Projekt\Zad01\src\main\resources
2016-03-03 20:38:07,688 [Worker-38] INFO  o.e.m.c.i.embedder.EclipseLogger - Using 'UTF-8' encoding to copy filtered resources.
2016-03-03 20:38:07,688 [Worker-38] INFO  o.e.m.c.i.embedder.EclipseLogger - skip non existing resourceDirectory C:\Users\Patryk\Desktop\TestyJava\Java-testy\Projekt\Zad01\src\test\resources
2016-03-03 20:38:52,974 [Worker-38] INFO  o.e.m.c.i.embedder.EclipseLogger - Using 'UTF-8' encoding to copy filtered resources.
2016-03-03 20:38:52,974 [Worker-38] INFO  o.e.m.c.i.embedder.EclipseLogger - skip non existing resourceDirectory C:\Users\Patryk\Desktop\TestyJava\Java-testy\Projekt\Zad01\src\main\resources
2016-03-03 20:38:52,974 [Worker-38] INFO  o.e.m.c.i.embedder.EclipseLogger - Using 'UTF-8' encoding to copy filtered resources.
2016-03-03 20:38:52,974 [Worker-38] INFO  o.e.m.c.i.embedder.EclipseLogger - skip non existing resourceDirectory C:\Users\Patryk\Desktop\TestyJava\Java-testy\Projekt\Zad01\src\test\resources
2016-03-03 20:39:19,297 [Worker-38] INFO  o.e.m.c.i.embedder.EclipseLogger - Using 'UTF-8' encoding to copy filtered resources.
2016-03-03 20:39:19,297 [Worker-38] INFO  o.e.m.c.i.embedder.EclipseLogger - skip non existing resourceDirectory C:\Users\Patryk\Desktop\TestyJava\Java-testy\Projekt\Zad01\src\main\resources
2016-03-03 20:39:19,312 [Worker-38] INFO  o.e.m.c.i.embedder.EclipseLogger - Using 'UTF-8' encoding to copy filtered resources.
2016-03-03 20:39:19,312 [Worker-38] INFO  o.e.m.c.i.embedder.EclipseLogger - skip non existing resourceDirectory C:\Users\Patryk\Desktop\TestyJava\Java-testy\Projekt\Zad01\src\test\resources
2016-03-03 20:41:12,059 [Worker-40] INFO  o.e.m.c.i.embedder.EclipseLogger - Using 'UTF-8' encoding to copy filtered resources.
2016-03-03 20:41:12,059 [Worker-40] INFO  o.e.m.c.i.embedder.EclipseLogger - skip non existing resourceDirectory C:\Users\Patryk\Desktop\TestyJava\Java-testy\Projekt\Zad01\src\main\resources
2016-03-03 20:41:12,059 [Worker-40] INFO  o.e.m.c.i.embedder.EclipseLogger - Using 'UTF-8' encoding to copy filtered resources.
2016-03-03 20:41:12,059 [Worker-40] INFO  o.e.m.c.i.embedder.EclipseLogger - skip non existing resourceDirectory C:\Users\Patryk\Desktop\TestyJava\Java-testy\Projekt\Zad01\src\test\resources
2016-03-03 20:41:15,491 [Worker-43] INFO  o.e.m.c.i.embedder.EclipseLogger - Using 'UTF-8' encoding to copy filtered resources.
2016-03-03 20:41:15,491 [Worker-43] INFO  o.e.m.c.i.embedder.EclipseLogger - skip non existing resourceDirectory C:\Users\Patryk\Desktop\TestyJava\Java-testy\Projekt\Zad01\src\main\resources
2016-03-03 20:41:15,491 [Worker-43] INFO  o.e.m.c.i.embedder.EclipseLogger - Using 'UTF-8' encoding to copy filtered resources.
2016-03-03 20:41:15,491 [Worker-43] INFO  o.e.m.c.i.embedder.EclipseLogger - skip non existing resourceDirectory C:\Users\Patryk\Desktop\TestyJava\Java-testy\Projekt\Zad01\src\test\resources
2016-03-03 20:41:30,053 [Worker-38] INFO  o.e.m.c.i.embedder.EclipseLogger - Using 'UTF-8' encoding to copy filtered resources.
2016-03-03 20:41:30,053 [Worker-38] INFO  o.e.m.c.i.embedder.EclipseLogger - skip non existing resourceDirectory C:\Users\Patryk\Desktop\TestyJava\Java-testy\Projekt\Zad01\src\main\resources
2016-03-03 20:41:30,053 [Worker-38] INFO  o.e.m.c.i.embedder.EclipseLogger - Using 'UTF-8' encoding to copy filtered resources.
2016-03-03 20:41:30,053 [Worker-38] INFO  o.e.m.c.i.embedder.EclipseLogger - skip non existing resourceDirectory C:\Users\Patryk\Desktop\TestyJava\Java-testy\Projekt\Zad01\src\test\resources
2016-03-03 20:41:46,215 [Worker-36] INFO  o.e.m.c.i.embedder.EclipseLogger - Using 'UTF-8' encoding to copy filtered resources.
2016-03-03 20:41:46,215 [Worker-36] INFO  o.e.m.c.i.embedder.EclipseLogger - skip non existing resourceDirectory C:\Users\Patryk\Desktop\TestyJava\Java-testy\Projekt\Zad01\src\main\resources
2016-03-03 20:41:46,215 [Worker-36] INFO  o.e.m.c.i.embedder.EclipseLogger - Using 'UTF-8' encoding to copy filtered resources.
2016-03-03 20:41:46,215 [Worker-36] INFO  o.e.m.c.i.embedder.EclipseLogger - skip non existing resourceDirectory C:\Users\Patryk\Desktop\TestyJava\Java-testy\Projekt\Zad01\src\test\resources
2016-03-03 20:42:30,087 [Worker-38] INFO  o.e.m.c.i.embedder.EclipseLogger - Using 'UTF-8' encoding to copy filtered resources.
2016-03-03 20:42:30,087 [Worker-38] INFO  o.e.m.c.i.embedder.EclipseLogger - skip non existing resourceDirectory C:\Users\Patryk\Desktop\TestyJava\Java-testy\Projekt\Zad01\src\main\resources
2016-03-03 20:42:30,087 [Worker-38] INFO  o.e.m.c.i.embedder.EclipseLogger - Using 'UTF-8' encoding to copy filtered resources.
2016-03-03 20:42:30,087 [Worker-38] INFO  o.e.m.c.i.embedder.EclipseLogger - skip non existing resourceDirectory C:\Users\Patryk\Desktop\TestyJava\Java-testy\Projekt\Zad01\src\test\resources
2016-03-03 20:43:31,199 [Worker-45] INFO  o.e.m.c.i.embedder.EclipseLogger - Using 'UTF-8' encoding to copy filtered resources.
2016-03-03 20:43:31,199 [Worker-45] INFO  o.e.m.c.i.embedder.EclipseLogger - skip non existing resourceDirectory C:\Users\Patryk\Desktop\TestyJava\Java-testy\Projekt\Zad01\src\main\resources
2016-03-03 20:43:31,199 [Worker-45] INFO  o.e.m.c.i.embedder.EclipseLogger - Using 'UTF-8' encoding to copy filtered resources.
2016-03-03 20:43:31,199 [Worker-45] INFO  o.e.m.c.i.embedder.EclipseLogger - skip non existing resourceDirectory C:\Users\Patryk\Desktop\TestyJava\Java-testy\Projekt\Zad01\src\test\resources
2016-03-03 20:45:14,785 [Worker-38] INFO  o.e.m.c.i.embedder.EclipseLogger - Using 'UTF-8' encoding to copy filtered resources.
2016-03-03 20:45:14,785 [Worker-38] INFO  o.e.m.c.i.embedder.EclipseLogger - skip non existing resourceDirectory C:\Users\Patryk\Desktop\TestyJava\Java-testy\Projekt\Zad01\src\main\resources
2016-03-03 20:45:14,785 [Worker-38] INFO  o.e.m.c.i.embedder.EclipseLogger - Using 'UTF-8' encoding to copy filtered resources.
2016-03-03 20:45:14,785 [Worker-38] INFO  o.e.m.c.i.embedder.EclipseLogger - skip non existing resourceDirectory C:\Users\Patryk\Desktop\TestyJava\Java-testy\Projekt\Zad01\src\test\resources
2016-03-03 20:45:32,410 [Worker-36] INFO  o.e.m.c.i.embedder.EclipseLogger - Using 'UTF-8' encoding to copy filtered resources.
2016-03-03 20:45:32,410 [Worker-36] INFO  o.e.m.c.i.embedder.EclipseLogger - skip non existing resourceDirectory C:\Users\Patryk\Desktop\TestyJava\Java-testy\Projekt\Zad01\src\main\resources
2016-03-03 20:45:32,410 [Worker-36] INFO  o.e.m.c.i.embedder.EclipseLogger - Using 'UTF-8' encoding to copy filtered resources.
2016-03-03 20:45:32,410 [Worker-36] INFO  o.e.m.c.i.embedder.EclipseLogger - skip non existing resourceDirectory C:\Users\Patryk\Desktop\TestyJava\Java-testy\Projekt\Zad01\src\test\resources
2016-03-03 20:46:40,722 [Worker-43] INFO  o.e.m.c.i.embedder.EclipseLogger - Using 'UTF-8' encoding to copy filtered resources.
2016-03-03 20:46:40,722 [Worker-43] INFO  o.e.m.c.i.embedder.EclipseLogger - skip non existing resourceDirectory C:\Users\Patryk\Desktop\TestyJava\Java-testy\Projekt\Zad01\src\main\resources
2016-03-03 20:46:40,722 [Worker-43] INFO  o.e.m.c.i.embedder.EclipseLogger - Using 'UTF-8' encoding to copy filtered resources.
2016-03-03 20:46:40,722 [Worker-43] INFO  o.e.m.c.i.embedder.EclipseLogger - skip non existing resourceDirectory C:\Users\Patryk\Desktop\TestyJava\Java-testy\Projekt\Zad01\src\test\resources
2016-03-03 20:46:59,538 [Worker-44] INFO  o.e.m.c.i.embedder.EclipseLogger - Using 'UTF-8' encoding to copy filtered resources.
2016-03-03 20:46:59,538 [Worker-44] INFO  o.e.m.c.i.embedder.EclipseLogger - skip non existing resourceDirectory C:\Users\Patryk\Desktop\TestyJava\Java-testy\Projekt\Zad01\src\main\resources
2016-03-03 20:46:59,538 [Worker-44] INFO  o.e.m.c.i.embedder.EclipseLogger - Using 'UTF-8' encoding to copy filtered resources.
2016-03-03 20:46:59,538 [Worker-44] INFO  o.e.m.c.i.embedder.EclipseLogger - skip non existing resourceDirectory C:\Users\Patryk\Desktop\TestyJava\Java-testy\Projekt\Zad01\src\test\resources
2016-03-03 20:48:26,927 [Worker-43] INFO  o.e.m.c.i.embedder.EclipseLogger - Using 'UTF-8' encoding to copy filtered resources.
2016-03-03 20:48:26,927 [Worker-43] INFO  o.e.m.c.i.embedder.EclipseLogger - skip non existing resourceDirectory C:\Users\Patryk\Desktop\TestyJava\Java-testy\Projekt\Zad01\src\main\resources
2016-03-03 20:48:26,927 [Worker-43] INFO  o.e.m.c.i.embedder.EclipseLogger - Using 'UTF-8' encoding to copy filtered resources.
2016-03-03 20:48:26,927 [Worker-43] INFO  o.e.m.c.i.embedder.EclipseLogger - skip non existing resourceDirectory C:\Users\Patryk\Desktop\TestyJava\Java-testy\Projekt\Zad01\src\test\resources
2016-03-03 20:49:41,286 [Worker-38] INFO  o.e.m.c.i.embedder.EclipseLogger - Using 'UTF-8' encoding to copy filtered resources.
2016-03-03 20:49:41,286 [Worker-38] INFO  o.e.m.c.i.embedder.EclipseLogger - skip non existing resourceDirectory C:\Users\Patryk\Desktop\TestyJava\Java-testy\Projekt\Zad01\src\main\resources
2016-03-03 20:49:41,286 [Worker-38] INFO  o.e.m.c.i.embedder.EclipseLogger - Using 'UTF-8' encoding to copy filtered resources.
2016-03-03 20:49:41,286 [Worker-38] INFO  o.e.m.c.i.embedder.EclipseLogger - skip non existing resourceDirectory C:\Users\Patryk\Desktop\TestyJava\Java-testy\Projekt\Zad01\src\test\resources
2016-03-03 20:49:56,266 [Worker-38] INFO  o.e.m.c.i.embedder.EclipseLogger - Using 'UTF-8' encoding to copy filtered resources.
2016-03-03 20:49:56,266 [Worker-38] INFO  o.e.m.c.i.embedder.EclipseLogger - skip non existing resourceDirectory C:\Users\Patryk\Desktop\TestyJava\Java-testy\Projekt\Zad01\src\main\resources
2016-03-03 20:49:56,266 [Worker-38] INFO  o.e.m.c.i.embedder.EclipseLogger - Using 'UTF-8' encoding to copy filtered resources.
2016-03-03 20:49:56,266 [Worker-38] INFO  o.e.m.c.i.embedder.EclipseLogger - skip non existing resourceDirectory C:\Users\Patryk\Desktop\TestyJava\Java-testy\Projekt\Zad01\src\test\resources
2016-03-03 20:51:39,931 [Worker-38] INFO  o.e.m.c.i.embedder.EclipseLogger - Using 'UTF-8' encoding to copy filtered resources.
2016-03-03 20:51:39,931 [Worker-38] INFO  o.e.m.c.i.embedder.EclipseLogger - skip non existing resourceDirectory C:\Users\Patryk\Desktop\TestyJava\Java-testy\Projekt\Zad01\src\main\resources
2016-03-03 20:51:39,946 [Worker-38] INFO  o.e.m.c.i.embedder.EclipseLogger - Using 'UTF-8' encoding to copy filtered resources.
2016-03-03 20:51:39,946 [Worker-38] INFO  o.e.m.c.i.embedder.EclipseLogger - skip non existing resourceDirectory C:\Users\Patryk\Desktop\TestyJava\Java-testy\Projekt\Zad01\src\test\resources
2016-03-03 20:52:54,759 [Worker-38] INFO  o.e.m.c.i.embedder.EclipseLogger - Using 'UTF-8' encoding to copy filtered resources.
2016-03-03 20:52:54,759 [Worker-38] INFO  o.e.m.c.i.embedder.EclipseLogger - skip non existing resourceDirectory C:\Users\Patryk\Desktop\TestyJava\Java-testy\Projekt\Zad01\src\main\resources
2016-03-03 20:52:54,759 [Worker-38] INFO  o.e.m.c.i.embedder.EclipseLogger - Using 'UTF-8' encoding to copy filtered resources.
2016-03-03 20:52:54,759 [Worker-38] INFO  o.e.m.c.i.embedder.EclipseLogger - skip non existing resourceDirectory C:\Users\Patryk\Desktop\TestyJava\Java-testy\Projekt\Zad01\src\test\resources
2016-03-03 20:53:03,467 [Worker-45] INFO  o.e.m.c.i.embedder.EclipseLogger - Using 'UTF-8' encoding to copy filtered resources.
2016-03-03 20:53:03,467 [Worker-45] INFO  o.e.m.c.i.embedder.EclipseLogger - skip non existing resourceDirectory C:\Users\Patryk\Desktop\TestyJava\Java-testy\Projekt\Zad01\src\main\resources
2016-03-03 20:53:03,467 [Worker-45] INFO  o.e.m.c.i.embedder.EclipseLogger - Using 'UTF-8' encoding to copy filtered resources.
2016-03-03 20:53:03,467 [Worker-45] INFO  o.e.m.c.i.embedder.EclipseLogger - skip non existing resourceDirectory C:\Users\Patryk\Desktop\TestyJava\Java-testy\Projekt\Zad01\src\test\resources
2016-03-03 20:53:45,782 [Worker-44] INFO  o.e.m.c.i.embedder.EclipseLogger - Using 'UTF-8' encoding to copy filtered resources.
2016-03-03 20:53:45,782 [Worker-44] INFO  o.e.m.c.i.embedder.EclipseLogger - skip non existing resourceDirectory C:\Users\Patryk\Desktop\TestyJava\Java-testy\Projekt\Zad01\src\main\resources
2016-03-03 20:53:45,782 [Worker-44] INFO  o.e.m.c.i.embedder.EclipseLogger - Using 'UTF-8' encoding to copy filtered resources.
2016-03-03 20:53:45,782 [Worker-44] INFO  o.e.m.c.i.embedder.EclipseLogger - skip non existing resourceDirectory C:\Users\Patryk\Desktop\TestyJava\Java-testy\Projekt\Zad01\src\test\resources
2016-03-03 20:56:42,189 [Worker-38] INFO  o.e.m.c.i.embedder.EclipseLogger - Using 'UTF-8' encoding to copy filtered resources.
2016-03-03 20:56:42,189 [Worker-38] INFO  o.e.m.c.i.embedder.EclipseLogger - skip non existing resourceDirectory C:\Users\Patryk\Desktop\TestyJava\Java-testy\Projekt\Zad01\src\main\resources
2016-03-03 20:56:42,189 [Worker-38] INFO  o.e.m.c.i.embedder.EclipseLogger - Using 'UTF-8' encoding to copy filtered resources.
2016-03-03 20:56:42,189 [Worker-38] INFO  o.e.m.c.i.embedder.EclipseLogger - skip non existing resourceDirectory C:\Users\Patryk\Desktop\TestyJava\Java-testy\Projekt\Zad01\src\test\resources
2016-03-03 20:56:51,283 [Worker-38] INFO  o.e.m.c.i.embedder.EclipseLogger - Using 'UTF-8' encoding to copy filtered resources.
2016-03-03 20:56:51,283 [Worker-38] INFO  o.e.m.c.i.embedder.EclipseLogger - skip non existing resourceDirectory C:\Users\Patryk\Desktop\TestyJava\Java-testy\Projekt\Zad01\src\main\resources
2016-03-03 20:56:51,283 [Worker-38] INFO  o.e.m.c.i.embedder.EclipseLogger - Using 'UTF-8' encoding to copy filtered resources.
2016-03-03 20:56:51,283 [Worker-38] INFO  o.e.m.c.i.embedder.EclipseLogger - skip non existing resourceDirectory C:\Users\Patryk\Desktop\TestyJava\Java-testy\Projekt\Zad01\src\test\resources
2016-03-03 20:57:03,865 [Worker-45] INFO  o.e.m.c.i.embedder.EclipseLogger - Using 'UTF-8' encoding to copy filtered resources.
2016-03-03 20:57:03,865 [Worker-45] INFO  o.e.m.c.i.embedder.EclipseLogger - skip non existing resourceDirectory C:\Users\Patryk\Desktop\TestyJava\Java-testy\Projekt\Zad01\src\main\resources
2016-03-03 20:57:03,865 [Worker-45] INFO  o.e.m.c.i.embedder.EclipseLogger - Using 'UTF-8' encoding to copy filtered resources.
2016-03-03 20:57:03,865 [Worker-45] INFO  o.e.m.c.i.embedder.EclipseLogger - skip non existing resourceDirectory C:\Users\Patryk\Desktop\TestyJava\Java-testy\Projekt\Zad01\src\test\resources
2016-03-05 18:58:49,986 [Worker-10] INFO  o.e.m.c.i.embedder.EclipseLogger - Using 'UTF-8' encoding to copy filtered resources.
2016-03-05 18:58:49,989 [Worker-10] INFO  o.e.m.c.i.embedder.EclipseLogger - skip non existing resourceDirectory C:\Users\Patryk\Desktop\TestyJava\Java-testy\Projekt\Zad02\src\main\resources
2016-03-05 18:58:49,989 [Worker-10] INFO  o.e.m.c.i.embedder.EclipseLogger - Using 'UTF-8' encoding to copy filtered resources.
2016-03-05 18:58:49,989 [Worker-10] INFO  o.e.m.c.i.embedder.EclipseLogger - skip non existing resourceDirectory C:\Users\Patryk\Desktop\TestyJava\Java-testy\Projekt\Zad02\src\test\resources
2016-03-05 18:59:28,721 [Worker-8] INFO  o.e.m.c.i.embedder.EclipseLogger - Using 'UTF-8' encoding to copy filtered resources.
2016-03-05 18:59:28,721 [Worker-8] INFO  o.e.m.c.i.embedder.EclipseLogger - skip non existing resourceDirectory C:\Users\Patryk\Desktop\TestyJava\Java-testy\Projekt\Zad02\src\main\resources
2016-03-05 18:59:28,723 [Worker-8] INFO  o.e.m.c.i.embedder.EclipseLogger - Using 'UTF-8' encoding to copy filtered resources.
2016-03-05 18:59:28,723 [Worker-8] INFO  o.e.m.c.i.embedder.EclipseLogger - skip non existing resourceDirectory C:\Users\Patryk\Desktop\TestyJava\Java-testy\Projekt\Zad02\src\test\resources
2016-03-05 19:00:01,852 [Worker-8] INFO  o.e.m.c.i.embedder.EclipseLogger - Using 'UTF-8' encoding to copy filtered resources.
2016-03-05 19:00:01,852 [Worker-8] INFO  o.e.m.c.i.embedder.EclipseLogger - skip non existing resourceDirectory C:\Users\Patryk\Desktop\TestyJava\Java-testy\Projekt\Zad02\src\main\resources
2016-03-05 19:00:01,854 [Worker-8] INFO  o.e.m.c.i.embedder.EclipseLogger - Using 'UTF-8' encoding to copy filtered resources.
2016-03-05 19:00:01,855 [Worker-8] INFO  o.e.m.c.i.embedder.EclipseLogger - skip non existing resourceDirectory C:\Users\Patryk\Desktop\TestyJava\Java-testy\Projekt\Zad02\src\test\resources
2016-03-05 19:07:21,200 [Worker-0] INFO  o.e.m.c.i.embedder.EclipseLogger - Using 'UTF-8' encoding to copy filtered resources.
2016-03-05 19:07:21,200 [Worker-0] INFO  o.e.m.c.i.embedder.EclipseLogger - skip non existing resourceDirectory C:\Users\Patryk\Desktop\TestyJava\Java-testy\Projekt\Zad02\src\main\resources
2016-03-05 19:07:21,207 [Worker-0] INFO  o.e.m.c.i.embedder.EclipseLogger - Using 'UTF-8' encoding to copy filtered resources.
2016-03-05 19:07:21,209 [Worker-0] INFO  o.e.m.c.i.embedder.EclipseLogger - skip non existing resourceDirectory C:\Users\Patryk\Desktop\TestyJava\Java-testy\Projekt\Zad02\src\test\resources
2016-03-05 19:07:41,904 [Worker-14] INFO  o.e.m.c.i.embedder.EclipseLogger - Using 'UTF-8' encoding to copy filtered resources.
2016-03-05 19:07:41,904 [Worker-14] INFO  o.e.m.c.i.embedder.EclipseLogger - skip non existing resourceDirectory C:\Users\Patryk\Desktop\TestyJava\Java-testy\Projekt\Zad02\src\main\resources
2016-03-05 19:07:41,904 [Worker-14] INFO  o.e.m.c.i.embedder.EclipseLogger - Using 'UTF-8' encoding to copy filtered resources.
2016-03-05 19:07:41,904 [Worker-14] INFO  o.e.m.c.i.embedder.EclipseLogger - skip non existing resourceDirectory C:\Users\Patryk\Desktop\TestyJava\Java-testy\Projekt\Zad02\src\test\resources
2016-03-05 19:08:11,630 [Worker-16] INFO  o.e.m.c.i.embedder.EclipseLogger - Using 'UTF-8' encoding to copy filtered resources.
2016-03-05 19:08:11,634 [Worker-16] INFO  o.e.m.c.i.embedder.EclipseLogger - skip non existing resourceDirectory C:\Users\Patryk\Desktop\TestyJava\Java-testy\Projekt\Zad02\src\main\resources
2016-03-05 19:08:11,638 [Worker-16] INFO  o.e.m.c.i.embedder.EclipseLogger - Using 'UTF-8' encoding to copy filtered resources.
2016-03-05 19:08:11,638 [Worker-16] INFO  o.e.m.c.i.embedder.EclipseLogger - skip non existing resourceDirectory C:\Users\Patryk\Desktop\TestyJava\Java-testy\Projekt\Zad02\src\test\resources
2016-03-05 19:08:55,979 [Worker-16] INFO  o.e.m.c.i.embedder.EclipseLogger - Using 'UTF-8' encoding to copy filtered resources.
2016-03-05 19:08:55,979 [Worker-16] INFO  o.e.m.c.i.embedder.EclipseLogger - skip non existing resourceDirectory C:\Users\Patryk\Desktop\TestyJava\Java-testy\Projekt\Zad02\src\main\resources
2016-03-05 19:08:55,981 [Worker-16] INFO  o.e.m.c.i.embedder.EclipseLogger - Using 'UTF-8' encoding to copy filtered resources.
2016-03-05 19:08:55,981 [Worker-16] INFO  o.e.m.c.i.embedder.EclipseLogger - skip non existing resourceDirectory C:\Users\Patryk\Desktop\TestyJava\Java-testy\Projekt\Zad02\src\test\resources
2016-03-05 19:09:04,117 [Worker-15] INFO  o.e.m.c.i.embedder.EclipseLogger - Using 'UTF-8' encoding to copy filtered resources.
2016-03-05 19:09:04,117 [Worker-15] INFO  o.e.m.c.i.embedder.EclipseLogger - skip non existing resourceDirectory C:\Users\Patryk\Desktop\TestyJava\Java-testy\Projekt\Zad02\src\main\resources
2016-03-05 19:09:04,140 [Worker-15] INFO  o.e.m.c.i.embedder.EclipseLogger - Using 'UTF-8' encoding to copy filtered resources.
2016-03-05 19:09:04,140 [Worker-15] INFO  o.e.m.c.i.embedder.EclipseLogger - skip non existing resourceDirectory C:\Users\Patryk\Desktop\TestyJava\Java-testy\Projekt\Zad02\src\test\resources
2016-03-05 19:09:46,233 [Worker-5] INFO  o.e.m.c.i.embedder.EclipseLogger - Using 'UTF-8' encoding to copy filtered resources.
2016-03-05 19:09:46,234 [Worker-5] INFO  o.e.m.c.i.embedder.EclipseLogger - skip non existing resourceDirectory C:\Users\Patryk\Desktop\TestyJava\Java-testy\Projekt\Zad02\src\main\resources
2016-03-05 19:09:46,248 [Worker-5] INFO  o.e.m.c.i.embedder.EclipseLogger - Using 'UTF-8' encoding to copy filtered resources.
2016-03-05 19:09:46,248 [Worker-5] INFO  o.e.m.c.i.embedder.EclipseLogger - skip non existing resourceDirectory C:\Users\Patryk\Desktop\TestyJava\Java-testy\Projekt\Zad02\src\test\resources
2016-03-05 19:11:36,686 [Worker-5] INFO  o.e.m.c.i.embedder.EclipseLogger - Using 'UTF-8' encoding to copy filtered resources.
2016-03-05 19:11:36,690 [Worker-5] INFO  o.e.m.c.i.embedder.EclipseLogger - skip non existing resourceDirectory C:\Users\Patryk\Desktop\TestyJava\Java-testy\Projekt\Zad02\src\main\resources
2016-03-05 19:11:36,690 [Worker-5] INFO  o.e.m.c.i.embedder.EclipseLogger - Using 'UTF-8' encoding to copy filtered resources.
2016-03-05 19:11:36,690 [Worker-5] INFO  o.e.m.c.i.embedder.EclipseLogger - skip non existing resourceDirectory C:\Users\Patryk\Desktop\TestyJava\Java-testy\Projekt\Zad02\src\test\resources
